#
# A fatal error has been detected by the Java Runtime Environment:
#
#  SIGSEGV (0xb) at pc=0x00000001042fee28, pid=18140, tid=13571
#
# JRE version: 7.0_17-b02
# Java VM: Java HotSpot(TM) 64-Bit Server VM (23.7-b01 mixed mode bsd-amd64 compressed oops)
# Problematic frame:
# V  [libjvm.dylib+0x17be28]
#
# Failed to write core dump. Core dumps have been disabled. To enable core dumping, try "ulimit -c unlimited" before starting Java again
#
# If you would like to submit a bug report, please visit:
#   http://bugreport.sun.com/bugreport/crash.jsp
#

---------------  T H R E A D  ---------------

Current thread (0x00007feafe806000):  GCTaskThread [stack: 0x00000001085a3000,0x00000001086a3000] [id=13571]

siginfo:si_signo=SIGSEGV: si_errno=0, si_code=1 (SEGV_MAPERR), si_addr=0x0000000000000018

Registers:
RAX=0x0000000000000010, RBX=0x0000000000000010, RCX=0x000000000015bc03, RDX=0x0000000000000000
RSP=0x00000001086a2c90, RBP=0x00000001086a2c90, RSI=0x0000000000000010, RDI=0x0000000000000010
R8 =0x000000000000a68e, R9 =0x00000000000001c3, R10=0x0020040080100210, R11=0x0000000000000080
R12=0x00000007c548e860, R13=0x00000007c548e878, R14=0x00000007c04f1e68, R15=0x00000007bb52ce70
RIP=0x00000001042fee28, EFLAGS=0x0000000000010206, ERR=0x0000000000000004
  TRAPNO=0x000000000000000e

Top of Stack: (sp=0x00000001086a2c90)
0x00000001086a2c90:   00000001086a2cc0 00000001042ff537
0x00000001086a2ca0:   00000001086a2cc0 00007feafbe36500
0x00000001086a2cb0:   00000007c04f1e68 00000007bb52ce70
0x00000001086a2cc0:   00000001086a2cf0 000000010430d160
0x00000001086a2cd0:   00000001086a2d40 00007feafbe36500
0x00000001086a2ce0:   00000007bb52ce70 00000007bb52ce70
0x00000001086a2cf0:   00000001086a2d40 00000001043d4059
0x00000001086a2d00:   00007feafbe36500 00000007c548e848
0x00000001086a2d10:   00000007bb52ce78 00007feafbe36500
0x00000001086a2d20:   00000007c548e848 0000000104835560
0x00000001086a2d30:   00007feafbe36508 0000000104835560
0x00000001086a2d40:   00000001086a2dc0 0000000104563bb1
0x00000001086a2d50:   00007feafbe36520 00007feafbe36580
0x00000001086a2d60:   00007feafbe36568 00000007baf083f8
0x00000001086a2d70:   00000001086a2dc0 00000001043d4059
0x00000001086a2d80:   00000001086a2dc0 00000007c6f3a5d0
0x00000001086a2d90:   00000007baf08400 0000000000000004
0x00000001086a2da0:   00000001086a2df0 0000000104835560
0x00000001086a2db0:   00007feafbe36500 00000001086a2ddc
0x00000001086a2dc0:   00000001086a2e20 0000000104558385
0x00000001086a2dd0:   00007feb02290df0 513b2302043a5e9f
0x00000001086a2de0:   00000007c466e2d8 0000000000000200
0x00000001086a2df0:   00000007c6f3a5d0 00007feafe806000
0x00000001086a2e00:   0000000000000000 0000000104680f94
0x00000001086a2e10:   00007feb02290df0 0000000000000001
0x00000001086a2e20:   00000001086a2ee0 00000001043a6362
0x00000001086a2e30:   00007feafbe09480 00007feafbe094a0
0x00000001086a2e40:   00007feafbe094b0 00007feafbe09888
0x00000001086a2e50:   00007feafe806000 00007feafbe09890
0x00000001086a2e60:   00007feafbe098c0 00007feafbe098d0
0x00000001086a2e70:   00007feafbe09ca8 00000001086a2e88
0x00000001086a2e80:   0000000000000000 00007feafe806000 

Instructions: (pc=0x00000001042fee28)
0x00000001042fee08:   00 5d c3 90 55 48 89 e5 48 8b 47 18 48 89 47 20
0x00000001042fee18:   5d c3 55 48 89 e5 48 8d 47 10 5d c3 55 48 89 e5
0x00000001042fee28:   8b 47 08 5d c3 0f 1f 00 55 48 89 e5 89 f8 83 e0
0x00000001042fee38:   01 5d c3 0f 1f 44 00 00 55 48 89 e5 c1 ef 10 40 

Register to memory mapping:

RAX=0x0000000000000010 is an unknown value
RBX=0x0000000000000010 is an unknown value
RCX=0x000000000015bc03 is an unknown value
RDX=0x0000000000000000 is an unknown value
RSP=0x00000001086a2c90 is an unknown value
RBP=0x00000001086a2c90 is an unknown value
RSI=0x0000000000000010 is an unknown value
RDI=0x0000000000000010 is an unknown value
R8 =0x000000000000a68e is an unknown value
R9 =0x00000000000001c3 is an unknown value
R10=0x0020040080100210 is an unknown value
R11=0x0000000000000080 is an unknown value
R12=0x00000007c548e860 is an oop
org.apache.maven.model.Dependency 
 - klass: 'org/apache/maven/model/Dependency'
R13=0x00000007c548e878 is an oop
java.util.ArrayList 
 - klass: 'java/util/ArrayList'
R14=0x00000007c04f1e68 is an oop
[B 
 - klass: {type array byte}
 - length: 21609
R15=0x00000007bb52ce70 is an oop
{instance class} 
 - klass: {other class}


Stack: [0x00000001085a3000,0x00000001086a3000],  sp=0x00000001086a2c90,  free space=1023k
Native frames: (J=compiled Java code, j=interpreted, Vv=VM code, C=native code)
V  [libjvm.dylib+0x17be28]
V  [libjvm.dylib+0x17c537]
V  [libjvm.dylib+0x18a160]
V  [libjvm.dylib+0x251059]
V  [libjvm.dylib+0x3e0bb1]
V  [libjvm.dylib+0x3d5385]
V  [libjvm.dylib+0x223362]
V  [libjvm.dylib+0x3b5191]
C  [libsystem_c.dylib+0x4e8bf]  _pthread_start+0x14f
C  [libsystem_c.dylib+0x51b75]  thread_start+0xd


---------------  P R O C E S S  ---------------

Java Threads: ( => current thread )
  0x00007feb02a35800 JavaThread "process reaper" daemon [_thread_blocked, id=33283, stack(0x000000010de5a000,0x000000010de82000)]
  0x00007feb03122000 JavaThread "Keep-Alive-Timer" daemon [_thread_blocked, id=30979, stack(0x000000010e71d000,0x000000010e81d000)]
  0x00007feafd834800 JavaThread "pool-1-thread-5" [_thread_blocked, id=20995, stack(0x000000010e9b6000,0x000000010eab6000)]
  0x00007feafd804800 JavaThread "pool-1-thread-4" [_thread_blocked, id=20739, stack(0x000000010e8b3000,0x000000010e9b3000)]
  0x00007feb00000000 JavaThread "pool-1-thread-3" [_thread_blocked, id=20483, stack(0x000000010e61a000,0x000000010e71a000)]
  0x00007feafe000000 JavaThread "pool-1-thread-2" [_thread_blocked, id=17927, stack(0x000000010e347000,0x000000010e447000)]
  0x00007feb02002800 JavaThread "pool-1-thread-1" [_thread_blocked, id=17671, stack(0x000000010e244000,0x000000010e344000)]
  0x00007feafe8dc000 JavaThread "process reaper" daemon [_thread_blocked, id=20227, stack(0x000000010e1c4000,0x000000010e1ec000)]
  0x00007feafc034800 JavaThread "Service Thread" daemon [_thread_blocked, id=19715, stack(0x000000010db76000,0x000000010dc76000)]
  0x00007feafd047800 JavaThread "C2 CompilerThread1" daemon [_thread_blocked, id=19459, stack(0x000000010da73000,0x000000010db73000)]
  0x00007feafd046000 JavaThread "C2 CompilerThread0" daemon [_thread_blocked, id=19203, stack(0x000000010d970000,0x000000010da70000)]
  0x00007feafd045000 JavaThread "Signal Dispatcher" daemon [_thread_blocked, id=18947, stack(0x000000010d86d000,0x000000010d96d000)]
  0x00007feafe84e000 JavaThread "Finalizer" daemon [_thread_blocked, id=15107, stack(0x000000010d563000,0x000000010d663000)]
  0x00007feafe84d800 JavaThread "Reference Handler" daemon [_thread_blocked, id=14851, stack(0x000000010d460000,0x000000010d560000)]
  0x00007feafd801000 JavaThread "main" [_thread_blocked, id=7171, stack(0x0000000104c2b000,0x0000000104d2b000)]

Other Threads:
  0x00007feafe84a800 VMThread [stack: 0x000000010d35d000,0x000000010d45d000] [id=14595]
  0x00007feafc03b800 WatcherThread [stack: 0x000000010dc79000,0x000000010dd79000] [id=19971]

=>0x00007feafe806000 (exited) GCTaskThread [stack: 0x00000001085a3000,0x00000001086a3000] [id=13571]

VM state:at safepoint (normal execution)

VM Mutex/Monitor currently owned by a thread:  ([mutex/lock_event])
[0x00007feafc802900] Threads_lock - owner thread: 0x00007feafe84a800
[0x00007feafc802e00] Heap_lock - owner thread: 0x00007feafd801000

Heap
 PSYoungGen      total 271040K, used 224K [0x00000007eaab0000, 0x0000000800000000, 0x0000000800000000)
  eden space 270784K, 0% used [0x00000007eaab0000,0x00000007eaab0000,0x00000007fb320000)
  from space 256K, 87% used [0x00000007fb320000,0x00000007fb358000,0x00000007fb360000)
  to   space 40640K, 0% used [0x00000007fd850000,0x00000007fd850000,0x0000000800000000)
 ParOldGen       total 349568K, used 134261K [0x00000007c0000000, 0x00000007d5560000, 0x00000007eaab0000)
  object space 349568K, 38% used [0x00000007c0000000,0x00000007c831d570,0x00000007d5560000)
 PSPermGen       total 27200K, used 27183K [0x00000007bae00000, 0x00000007bc890000, 0x00000007c0000000)
  object space 27200K, 99% used [0x00000007bae00000,0x00000007bc88bc88,0x00000007bc890000)

Card table byte_map: [0x0000000107ded000,0x0000000108017000] byte_map_base: 0x0000000104016000

Polling page: 0x0000000103fc5000

Code Cache  [0x0000000104d2d000, 0x000000010519d000, 0x0000000107d2d000)
 total_blobs=1587 nmethods=1292 adapters=246 free_code_cache=44719Kb largest_free_block=45710592

Compilation events (10 events):
Event: 104,053 Thread 0x00007feafd046000 nmethod 1370 0x00000001051795d0 code [0x0000000105179740, 0x0000000105179ce8]
Event: 104,054 Thread 0x00007feafd047800 nmethod 1369 0x000000010518e410 code [0x000000010518e580, 0x000000010518eb08]
Event: 104,054 Thread 0x00007feafd046000 1371             java.lang.ref.Finalizer::hasBeenFinalized (14 bytes)
Event: 104,054 Thread 0x00007feafd046000 nmethod 1371 0x00000001051804d0 code [0x0000000105180600, 0x0000000105180698]
Event: 104,054 Thread 0x00007feafd046000 1372   !         java.lang.ref.Finalizer::remove (94 bytes)
Event: 104,054 Thread 0x00007feafd047800   36 % !         java.lang.ref.Finalizer$FinalizerThread::run @ 0 (21 bytes)
Event: 104,056 Thread 0x00007feafd047800 nmethod 36% 0x00000001051791d0 code [0x0000000105179340, 0x0000000105179458]
Event: 104,056 Thread 0x00007feafd046000 nmethod 1372 0x000000010518c4d0 code [0x000000010518c620, 0x000000010518c938]
Event: 104,356 Thread 0x00007feafd046000 1374             org.codehaus.plexus.util.SelectorUtils::matchPath (560 bytes)
Event: 104,440 Thread 0x00007feafd046000 nmethod 1374 0x0000000105191fd0 code [0x00000001051922a0, 0x0000000105193d50]

GC Heap History (10 events):
Event: 71,649 GC heap after
Heap after GC invocations=11 (full 0):
 PSYoungGen      total 308736K, used 23047K [0x00000007eaab0000, 0x00000007fffb0000, 0x0000000800000000)
  eden space 267968K, 0% used [0x00000007eaab0000,0x00000007eaab0000,0x00000007fb060000)
  from space 40768K, 56% used [0x00000007fb060000,0x00000007fc6e1df0,0x00000007fd830000)
  to   space 39360K, 0% used [0x00000007fd940000,0x00000007fd940000,0x00000007fffb0000)
 ParOldGen       total 349568K, used 82124K [0x00000007c0000000, 0x00000007d5560000, 0x00000007eaab0000)
  object space 349568K, 23% used [0x00000007c0000000,0x00000007c5033160,0x00000007d5560000)
 PSPermGen       total 21248K, used 19907K [0x00000007bae00000, 0x00000007bc2c0000, 0x00000007c0000000)
  object space 21248K, 93% used [0x00000007bae00000,0x00000007bc170d48,0x00000007bc2c0000)
}
Event: 91,700 GC heap before
{Heap before GC invocations=12 (full 0):
 PSYoungGen      total 308736K, used 291015K [0x00000007eaab0000, 0x00000007fffb0000, 0x0000000800000000)
  eden space 267968K, 100% used [0x00000007eaab0000,0x00000007fb060000,0x00000007fb060000)
  from space 40768K, 56% used [0x00000007fb060000,0x00000007fc6e1df0,0x00000007fd830000)
  to   space 39360K, 0% used [0x00000007fd940000,0x00000007fd940000,0x00000007fffb0000)
 ParOldGen       total 349568K, used 82124K [0x00000007c0000000, 0x00000007d5560000, 0x00000007eaab0000)
  object space 349568K, 23% used [0x00000007c0000000,0x00000007c5033160,0x00000007d5560000)
 PSPermGen       total 23552K, used 23482K [0x00000007bae00000, 0x00000007bc500000, 0x00000007c0000000)
  object space 23552K, 99% used [0x00000007bae00000,0x00000007bc4eeab8,0x00000007bc500000)
Event: 91,739 GC heap after
Heap after GC invocations=12 (full 0):
 PSYoungGen      total 307648K, used 15351K [0x00000007eaab0000, 0x00000007ffea0000, 0x0000000800000000)
  eden space 269376K, 0% used [0x00000007eaab0000,0x00000007eaab0000,0x00000007fb1c0000)
  from space 38272K, 40% used [0x00000007fd940000,0x00000007fe83dde0,0x00000007ffea0000)
  to   space 39360K, 0% used [0x00000007fb1c0000,0x00000007fb1c0000,0x00000007fd830000)
 ParOldGen       total 349568K, used 101186K [0x00000007c0000000, 0x00000007d5560000, 0x00000007eaab0000)
  object space 349568K, 28% used [0x00000007c0000000,0x00000007c62d0a78,0x00000007d5560000)
 PSPermGen       total 23552K, used 23482K [0x00000007bae00000, 0x00000007bc500000, 0x00000007c0000000)
  object space 23552K, 99% used [0x00000007bae00000,0x00000007bc4eeab8,0x00000007bc500000)
}
Event: 100,582 GC heap before
{Heap before GC invocations=13 (full 0):
 PSYoungGen      total 307648K, used 284727K [0x00000007eaab0000, 0x00000007ffea0000, 0x0000000800000000)
  eden space 269376K, 100% used [0x00000007eaab0000,0x00000007fb1c0000,0x00000007fb1c0000)
  from space 38272K, 40% used [0x00000007fd940000,0x00000007fe83dde0,0x00000007ffea0000)
  to   space 39360K, 0% used [0x00000007fb1c0000,0x00000007fb1c0000,0x00000007fd830000)
 ParOldGen       total 349568K, used 101186K [0x00000007c0000000, 0x00000007d5560000, 0x00000007eaab0000)
  object space 349568K, 28% used [0x00000007c0000000,0x00000007c62d0a78,0x00000007d5560000)
 PSPermGen       total 23552K, used 23530K [0x00000007bae00000, 0x00000007bc500000, 0x00000007c0000000)
  object space 23552K, 99% used [0x00000007bae00000,0x00000007bc4fab70,0x00000007bc500000)
Event: 100,626 GC heap after
Heap after GC invocations=13 (full 0):
 PSYoungGen      total 308736K, used 13856K [0x00000007eaab0000, 0x0000000800000000, 0x0000000800000000)
  eden space 269376K, 0% used [0x00000007eaab0000,0x00000007eaab0000,0x00000007fb1c0000)
  from space 39360K, 35% used [0x00000007fb1c0000,0x00000007fbf48020,0x00000007fd830000)
  to   space 39360K, 0% used [0x00000007fd990000,0x00000007fd990000,0x0000000800000000)
 ParOldGen       total 349568K, used 111407K [0x00000007c0000000, 0x00000007d5560000, 0x00000007eaab0000)
  object space 349568K, 31% used [0x00000007c0000000,0x00000007c6ccbfd0,0x00000007d5560000)
 PSPermGen       total 23552K, used 23530K [0x00000007bae00000, 0x00000007bc500000, 0x00000007c0000000)
  object space 23552K, 99% used [0x00000007bae00000,0x00000007bc4fab70,0x00000007bc500000)
}
Event: 104,006 GC heap before
{Heap before GC invocations=14 (full 0):
 PSYoungGen      total 308736K, used 283232K [0x00000007eaab0000, 0x0000000800000000, 0x0000000800000000)
  eden space 269376K, 100% used [0x00000007eaab0000,0x00000007fb1c0000,0x00000007fb1c0000)
  from space 39360K, 35% used [0x00000007fb1c0000,0x00000007fbf48020,0x00000007fd830000)
  to   space 39360K, 0% used [0x00000007fd990000,0x00000007fd990000,0x0000000800000000)
 ParOldGen       total 349568K, used 111407K [0x00000007c0000000, 0x00000007d5560000, 0x00000007eaab0000)
  object space 349568K, 31% used [0x00000007c0000000,0x00000007c6ccbfd0,0x00000007d5560000)
 PSPermGen       total 27200K, used 27175K [0x00000007bae00000, 0x00000007bc890000, 0x00000007c0000000)
  object space 27200K, 99% used [0x00000007bae00000,0x00000007bc889cd0,0x00000007bc890000)
Event: 104,042 GC heap after
Heap after GC invocations=14 (full 0):
 PSYoungGen      total 308736K, used 16420K [0x00000007eaab0000, 0x00000007ffea0000, 0x0000000800000000)
  eden space 270784K, 0% used [0x00000007eaab0000,0x00000007eaab0000,0x00000007fb320000)
  from space 37952K, 43% used [0x00000007fd990000,0x00000007fe999348,0x00000007ffea0000)
  to   space 38656K, 0% used [0x00000007fb320000,0x00000007fb320000,0x00000007fd8e0000)
 ParOldGen       total 349568K, used 123236K [0x00000007c0000000, 0x00000007d5560000, 0x00000007eaab0000)
  object space 349568K, 35% used [0x00000007c0000000,0x00000007c78590e0,0x00000007d5560000)
 PSPermGen       total 27200K, used 27175K [0x00000007bae00000, 0x00000007bc890000, 0x00000007c0000000)
  object space 27200K, 99% used [0x00000007bae00000,0x00000007bc889cd0,0x00000007bc890000)
}
Event: 104,650 GC heap before
{Heap before GC invocations=15 (full 0):
 PSYoungGen      total 308736K, used 38159K [0x00000007eaab0000, 0x00000007ffea0000, 0x0000000800000000)
  eden space 270784K, 8% used [0x00000007eaab0000,0x00000007ebfeaa00,0x00000007fb320000)
  from space 37952K, 43% used [0x00000007fd990000,0x00000007fe999348,0x00000007ffea0000)
  to   space 38656K, 0% used [0x00000007fb320000,0x00000007fb320000,0x00000007fd8e0000)
 ParOldGen       total 349568K, used 123236K [0x00000007c0000000, 0x00000007d5560000, 0x00000007eaab0000)
  object space 349568K, 35% used [0x00000007c0000000,0x00000007c78590e0,0x00000007d5560000)
 PSPermGen       total 27200K, used 27183K [0x00000007bae00000, 0x00000007bc890000, 0x00000007c0000000)
  object space 27200K, 99% used [0x00000007bae00000,0x00000007bc88bc88,0x00000007bc890000)
Event: 104,690 GC heap after
Heap after GC invocations=15 (full 0):
 PSYoungGen      total 271040K, used 224K [0x00000007eaab0000, 0x0000000800000000, 0x0000000800000000)
  eden space 270784K, 0% used [0x00000007eaab0000,0x00000007eaab0000,0x00000007fb320000)
  from space 256K, 87% used [0x00000007fb320000,0x00000007fb358000,0x00000007fb360000)
  to   space 40640K, 0% used [0x00000007fd850000,0x00000007fd850000,0x0000000800000000)
 ParOldGen       total 349568K, used 134261K [0x00000007c0000000, 0x00000007d5560000, 0x00000007eaab0000)
  object space 349568K, 38% used [0x00000007c0000000,0x00000007c831d570,0x00000007d5560000)
 PSPermGen       total 27200K, used 27183K [0x00000007bae00000, 0x00000007bc890000, 0x00000007c0000000)
  object space 27200K, 99% used [0x00000007bae00000,0x00000007bc88bc88,0x00000007bc890000)
}
Event: 104,690 GC heap before
{Heap before GC invocations=16 (full 1):
 PSYoungGen      total 271040K, used 224K [0x00000007eaab0000, 0x0000000800000000, 0x0000000800000000)
  eden space 270784K, 0% used [0x00000007eaab0000,0x00000007eaab0000,0x00000007fb320000)
  from space 256K, 87% used [0x00000007fb320000,0x00000007fb358000,0x00000007fb360000)
  to   space 40640K, 0% used [0x00000007fd850000,0x00000007fd850000,0x0000000800000000)
 ParOldGen       total 349568K, used 134261K [0x00000007c0000000, 0x00000007d5560000, 0x00000007eaab0000)
  object space 349568K, 38% used [0x00000007c0000000,0x00000007c831d570,0x00000007d5560000)
 PSPermGen       total 27200K, used 27183K [0x00000007bae00000, 0x00000007bc890000, 0x00000007c0000000)
  object space 27200K, 99% used [0x00000007bae00000,0x00000007bc88bc88,0x00000007bc890000)

Deoptimization events (10 events):
Event: 102,821 Thread 0x00007feafd801000 Uncommon trap -34 fr.pc 0x00000001050d8358
Event: 102,821 Thread 0x00007feafd801000 Uncommon trap -34 fr.pc 0x00000001050d8358
Event: 102,821 Thread 0x00007feafd801000 Uncommon trap -34 fr.pc 0x00000001050d8358
Event: 102,832 Thread 0x00007feafd801000 Uncommon trap -34 fr.pc 0x0000000105136c0c
Event: 102,832 Thread 0x00007feafd801000 Uncommon trap -34 fr.pc 0x0000000105136c0c
Event: 102,891 Thread 0x00007feafd801000 Uncommon trap -122 fr.pc 0x0000000105104418
Event: 102,947 Thread 0x00007feafd801000 Uncommon trap -83 fr.pc 0x000000010514f46c
Event: 103,052 Thread 0x00007feafd801000 Uncommon trap -83 fr.pc 0x00000001050b03cc
Event: 103,087 Thread 0x00007feafd801000 Uncommon trap -83 fr.pc 0x000000010515b380
Event: 104,055 Thread 0x00007feafd801000 Uncommon trap -34 fr.pc 0x0000000105047afc

Internal exceptions (10 events):
Event: 104,520 Thread 0x00007feafd801000 Threw 0x00000007eb6d3170 at /HUDSON/workspace/jdk7u17-2-build-macosx-amd64-product/jdk7u17/hotspot/src/share/vm/prims/jvm.cpp:1166
Event: 104,520 Thread 0x00007feafd801000 Threw 0x00000007eb6d6390 at /HUDSON/workspace/jdk7u17-2-build-macosx-amd64-product/jdk7u17/hotspot/src/share/vm/prims/jvm.cpp:1166
Event: 104,520 Thread 0x00007feafd801000 Threw 0x00000007eb6d88c0 at /HUDSON/workspace/jdk7u17-2-build-macosx-amd64-product/jdk7u17/hotspot/src/share/vm/prims/jvm.cpp:1166
Event: 104,520 Thread 0x00007feafd801000 Threw 0x00000007eb6d90a0 at /HUDSON/workspace/jdk7u17-2-build-macosx-amd64-product/jdk7u17/hotspot/src/share/vm/prims/jvm.cpp:1166
Event: 104,546 Thread 0x00007feafd801000 Threw 0x00000007eb6e5810 at /HUDSON/workspace/jdk7u17-2-build-macosx-amd64-product/jdk7u17/hotspot/src/share/vm/prims/jvm.cpp:1166
Event: 104,546 Thread 0x00007feafd801000 Threw 0x00000007eb6e7e40 at /HUDSON/workspace/jdk7u17-2-build-macosx-amd64-product/jdk7u17/hotspot/src/share/vm/prims/jvm.cpp:1166
Event: 104,546 Thread 0x00007feafd801000 Threw 0x00000007eb6e8620 at /HUDSON/workspace/jdk7u17-2-build-macosx-amd64-product/jdk7u17/hotspot/src/share/vm/prims/jvm.cpp:1166
Event: 104,546 Thread 0x00007feafd801000 Threw 0x00000007eb6ed5b8 at /HUDSON/workspace/jdk7u17-2-build-macosx-amd64-product/jdk7u17/hotspot/src/share/vm/prims/jvm.cpp:1166
Event: 104,546 Thread 0x00007feafd801000 Threw 0x00000007eb6efae8 at /HUDSON/workspace/jdk7u17-2-build-macosx-amd64-product/jdk7u17/hotspot/src/share/vm/prims/jvm.cpp:1166
Event: 104,546 Thread 0x00007feafd801000 Threw 0x00000007eb6f02c8 at /HUDSON/workspace/jdk7u17-2-build-macosx-amd64-product/jdk7u17/hotspot/src/share/vm/prims/jvm.cpp:1166

Events (10 events):
Event: 104,546 loading class 0x00007feafbd09d60 done
Event: 104,546 loading class 0x00007feafbd09d60
Event: 104,546 loading class 0x00007feafbd09d60 done
Event: 104,546 loading class 0x00007feafbd09d60
Event: 104,546 loading class 0x00007feafbd09d60 done
Event: 104,546 loading class 0x00007feafbd09d60
Event: 104,546 loading class 0x00007feafbd09d60 done
Event: 104,596 loading class 0x00007feafbe6a710
Event: 104,649 loading class 0x00007feafbe6a710 done
Event: 104,650 Executing VM operation: ParallelGCSystemGC


Dynamic libraries:
0x0000000009bfe000 	/System/Library/Frameworks/Cocoa.framework/Versions/A/Cocoa
0x0000000009bfe000 	/System/Library/Frameworks/Security.framework/Versions/A/Security
0x0000000009bfe000 	/System/Library/Frameworks/ApplicationServices.framework/Versions/A/ApplicationServices
0x0000000009bfe000 	/usr/lib/libz.1.dylib
0x0000000009bfe000 	/usr/lib/libSystem.B.dylib
0x0000000009bfe000 	/usr/lib/libobjc.A.dylib
0x0000000009bfe000 	/System/Library/Frameworks/CoreFoundation.framework/Versions/A/CoreFoundation
0x0000000009bfe000 	/System/Library/Frameworks/AppKit.framework/Versions/C/AppKit
0x0000000009bfe000 	/System/Library/Frameworks/CoreData.framework/Versions/A/CoreData
0x0000000009bfe000 	/System/Library/Frameworks/Foundation.framework/Versions/C/Foundation
0x0000000009bfe000 	/System/Library/PrivateFrameworks/RemoteViewServices.framework/Versions/A/RemoteViewServices
0x0000000009bfe000 	/System/Library/Frameworks/AudioToolbox.framework/Versions/A/AudioToolbox
0x0000000009bfe000 	/System/Library/Frameworks/AudioUnit.framework/Versions/A/AudioUnit
0x0000000009bfe000 	/System/Library/PrivateFrameworks/DataDetectorsCore.framework/Versions/A/DataDetectorsCore
0x0000000009bfe000 	/System/Library/PrivateFrameworks/DesktopServicesPriv.framework/Versions/A/DesktopServicesPriv
0x0000000009bfe000 	/System/Library/Frameworks/Carbon.framework/Versions/A/Frameworks/HIToolbox.framework/Versions/A/HIToolbox
0x0000000009bfe000 	/System/Library/Frameworks/QuartzCore.framework/Versions/A/QuartzCore
0x0000000009bfe000 	/System/Library/Frameworks/Carbon.framework/Versions/A/Frameworks/SpeechRecognition.framework/Versions/A/SpeechRecognition
0x0000000009bfe000 	/usr/lib/libauto.dylib
0x0000000009bfe000 	/usr/lib/libicucore.A.dylib
0x0000000009bfe000 	/usr/lib/libxml2.2.dylib
0x0000000009bfe000 	/System/Library/PrivateFrameworks/CoreUI.framework/Versions/A/CoreUI
0x0000000009bfe000 	/System/Library/Frameworks/CoreAudio.framework/Versions/A/CoreAudio
0x0000000009bfe000 	/System/Library/Frameworks/DiskArbitration.framework/Versions/A/DiskArbitration
0x0000000009bfe000 	/usr/lib/liblangid.dylib
0x0000000009bfe000 	/System/Library/PrivateFrameworks/MultitouchSupport.framework/Versions/A/MultitouchSupport
0x0000000009bfe000 	/System/Library/Frameworks/IOKit.framework/Versions/A/IOKit
0x0000000009bfe000 	/usr/lib/libDiagnosticMessagesClient.dylib
0x0000000009bfe000 	/System/Library/Frameworks/CoreServices.framework/Versions/A/CoreServices
0x0000000009bfe000 	/System/Library/PrivateFrameworks/PerformanceAnalysis.framework/Versions/A/PerformanceAnalysis
0x0000000009bfe000 	/System/Library/PrivateFrameworks/GenerationalStorage.framework/Versions/A/GenerationalStorage
0x0000000009bfe000 	/System/Library/Frameworks/OpenGL.framework/Versions/A/OpenGL
0x0000000009bfe000 	/System/Library/Frameworks/CoreServices.framework/Versions/A/Frameworks/CFNetwork.framework/Versions/A/CFNetwork
0x0000000009bfe000 	/System/Library/Frameworks/SystemConfiguration.framework/Versions/A/SystemConfiguration
0x0000000009bfe000 	/usr/lib/libCRFSuite.dylib
0x0000000009bfe000 	/usr/lib/libc++.1.dylib
0x0000000009bfe000 	/usr/lib/libstdc++.6.dylib
0x0000000009bfe000 	/usr/lib/libc++abi.dylib
0x0000000009bfe000 	/usr/lib/system/libcache.dylib
0x0000000009bfe000 	/usr/lib/system/libcommonCrypto.dylib
0x0000000009bfe000 	/usr/lib/system/libcompiler_rt.dylib
0x0000000009bfe000 	/usr/lib/system/libcopyfile.dylib
0x0000000009bfe000 	/usr/lib/system/libdispatch.dylib
0x0000000009bfe000 	/usr/lib/system/libdnsinfo.dylib
0x0000000009bfe000 	/usr/lib/system/libdyld.dylib
0x0000000009bfe000 	/usr/lib/system/libkeymgr.dylib
0x0000000009bfe000 	/usr/lib/system/liblaunch.dylib
0x0000000009bfe000 	/usr/lib/system/libmacho.dylib
0x0000000009bfe000 	/usr/lib/system/libmathCommon.A.dylib
0x0000000009bfe000 	/usr/lib/system/libquarantine.dylib
0x0000000009bfe000 	/usr/lib/system/libremovefile.dylib
0x0000000009bfe000 	/usr/lib/system/libsystem_blocks.dylib
0x0000000009bfe000 	/usr/lib/system/libsystem_c.dylib
0x0000000009bfe000 	/usr/lib/system/libsystem_dnssd.dylib
0x0000000009bfe000 	/usr/lib/system/libsystem_info.dylib
0x0000000009bfe000 	/usr/lib/system/libsystem_kernel.dylib
0x0000000009bfe000 	/usr/lib/system/libsystem_network.dylib
0x0000000009bfe000 	/usr/lib/system/libsystem_notify.dylib
0x0000000009bfe000 	/usr/lib/system/libsystem_sandbox.dylib
0x0000000009bfe000 	/usr/lib/system/libunc.dylib
0x0000000009bfe000 	/usr/lib/system/libunwind.dylib
0x0000000009bfe000 	/usr/lib/system/libxpc.dylib
0x0000000009bfe000 	/usr/lib/libbsm.0.dylib
0x0000000009bfe000 	/usr/lib/libsqlite3.dylib
0x0000000009bfe000 	/usr/lib/libOpenScriptingUtil.dylib
0x0000000009bfe000 	/usr/lib/libpam.2.dylib
0x0000000009bfe000 	/usr/lib/libxar-nossl.dylib
0x0000000009bfe000 	/usr/lib/libbz2.1.0.dylib
0x0000000009bfe000 	/System/Library/Frameworks/CoreServices.framework/Versions/A/Frameworks/CarbonCore.framework/Versions/A/CarbonCore
0x0000000009bfe000 	/System/Library/Frameworks/CoreServices.framework/Versions/A/Frameworks/Metadata.framework/Versions/A/Metadata
0x0000000009bfe000 	/System/Library/Frameworks/CoreServices.framework/Versions/A/Frameworks/OSServices.framework/Versions/A/OSServices
0x0000000009bfe000 	/System/Library/Frameworks/CoreServices.framework/Versions/A/Frameworks/SearchKit.framework/Versions/A/SearchKit
0x0000000009bfe000 	/System/Library/Frameworks/CoreServices.framework/Versions/A/Frameworks/AE.framework/Versions/A/AE
0x0000000009bfe000 	/System/Library/Frameworks/CoreServices.framework/Versions/A/Frameworks/LaunchServices.framework/Versions/A/LaunchServices
0x0000000009bfe000 	/System/Library/Frameworks/CoreServices.framework/Versions/A/Frameworks/DictionaryServices.framework/Versions/A/DictionaryServices
0x0000000009bfe000 	/System/Library/Frameworks/NetFS.framework/Versions/A/NetFS
0x0000000009bfe000 	/usr/lib/system/libkxld.dylib
0x0000000009bfe000 	/System/Library/PrivateFrameworks/NetAuth.framework/Versions/A/NetAuth
0x0000000009bfe000 	/usr/lib/libcrypto.0.9.8.dylib
0x0000000009bfe000 	/System/Library/PrivateFrameworks/TrustEvaluationAgent.framework/Versions/A/TrustEvaluationAgent
0x0000000009bfe000 	/System/Library/Frameworks/OpenDirectory.framework/Versions/A/Frameworks/CFOpenDirectory.framework/Versions/A/CFOpenDirectory
0x0000000009bfe000 	/usr/lib/libxslt.1.dylib
0x0000000009bfe000 	/System/Library/PrivateFrameworks/FamilyControls.framework/Versions/A/FamilyControls
0x0000000009bfe000 	/System/Library/Frameworks/Carbon.framework/Versions/A/Frameworks/Ink.framework/Versions/A/Ink
0x0000000009bfe000 	/System/Library/Frameworks/ApplicationServices.framework/Versions/A/Frameworks/CoreGraphics.framework/Versions/A/CoreGraphics
0x0000000009bfe000 	/System/Library/Frameworks/ApplicationServices.framework/Versions/A/Frameworks/ImageIO.framework/Versions/A/ImageIO
0x0000000009bfe000 	/System/Library/Frameworks/ApplicationServices.framework/Versions/A/Frameworks/CoreText.framework/Versions/A/CoreText
0x0000000009bfe000 	/System/Library/Frameworks/ApplicationServices.framework/Versions/A/Frameworks/ATS.framework/Versions/A/ATS
0x0000000009bfe000 	/System/Library/Frameworks/ApplicationServices.framework/Versions/A/Frameworks/ColorSync.framework/Versions/A/ColorSync
0x0000000009bfe000 	/System/Library/Frameworks/ApplicationServices.framework/Versions/A/Frameworks/HIServices.framework/Versions/A/HIServices
0x0000000009bfe000 	/System/Library/Frameworks/ApplicationServices.framework/Versions/A/Frameworks/LangAnalysis.framework/Versions/A/LangAnalysis
0x0000000009bfe000 	/System/Library/Frameworks/ApplicationServices.framework/Versions/A/Frameworks/PrintCore.framework/Versions/A/PrintCore
0x0000000009bfe000 	/System/Library/Frameworks/ApplicationServices.framework/Versions/A/Frameworks/QD.framework/Versions/A/QD
0x0000000009bfe000 	/System/Library/Frameworks/ApplicationServices.framework/Versions/A/Frameworks/SpeechSynthesis.framework/Versions/A/SpeechSynthesis
0x0000000009bfe000 	/System/Library/Frameworks/IOSurface.framework/Versions/A/IOSurface
0x0000000009bfe000 	/System/Library/Frameworks/Accelerate.framework/Versions/A/Accelerate
0x0000000009bfe000 	/System/Library/Frameworks/ApplicationServices.framework/Versions/A/Frameworks/ImageIO.framework/Versions/A/Resources/libJPEG.dylib
0x0000000009bfe000 	/System/Library/Frameworks/ApplicationServices.framework/Versions/A/Frameworks/ImageIO.framework/Versions/A/Resources/libTIFF.dylib
0x0000000009bfe000 	/System/Library/Frameworks/ApplicationServices.framework/Versions/A/Frameworks/ImageIO.framework/Versions/A/Resources/libPng.dylib
0x0000000009bfe000 	/System/Library/Frameworks/ApplicationServices.framework/Versions/A/Frameworks/ImageIO.framework/Versions/A/Resources/libGIF.dylib
0x0000000009bfe000 	/System/Library/Frameworks/ApplicationServices.framework/Versions/A/Frameworks/ImageIO.framework/Versions/A/Resources/libJP2.dylib
0x0000000009bfe000 	/System/Library/Frameworks/ApplicationServices.framework/Versions/A/Frameworks/ImageIO.framework/Versions/A/Resources/libRadiance.dylib
0x0000000009bfe000 	/System/Library/Frameworks/Accelerate.framework/Versions/A/Frameworks/vImage.framework/Versions/A/vImage
0x0000000009bfe000 	/System/Library/Frameworks/Accelerate.framework/Versions/A/Frameworks/vecLib.framework/Versions/A/vecLib
0x0000000009bfe000 	/System/Library/Frameworks/Accelerate.framework/Versions/A/Frameworks/vecLib.framework/Versions/A/libvDSP.dylib
0x0000000009bfe000 	/System/Library/Frameworks/Accelerate.framework/Versions/A/Frameworks/vecLib.framework/Versions/A/libvMisc.dylib
0x0000000009bfe000 	/System/Library/Frameworks/Accelerate.framework/Versions/A/Frameworks/vecLib.framework/Versions/A/libLAPACK.dylib
0x0000000009bfe000 	/System/Library/Frameworks/Accelerate.framework/Versions/A/Frameworks/vecLib.framework/Versions/A/libBLAS.dylib
0x0000000009bfe000 	/System/Library/Frameworks/ApplicationServices.framework/Versions/A/Frameworks/ATS.framework/Versions/A/Resources/libFontParser.dylib
0x0000000009bfe000 	/System/Library/Frameworks/ApplicationServices.framework/Versions/A/Frameworks/ATS.framework/Versions/A/Resources/libFontRegistry.dylib
0x0000000009bfe000 	/usr/lib/libcups.2.dylib
0x0000000009bfe000 	/System/Library/Frameworks/Kerberos.framework/Versions/A/Kerberos
0x0000000009bfe000 	/System/Library/Frameworks/GSS.framework/Versions/A/GSS
0x0000000009bfe000 	/usr/lib/libresolv.9.dylib
0x0000000009bfe000 	/usr/lib/libiconv.2.dylib
0x0000000009bfe000 	/System/Library/PrivateFrameworks/Heimdal.framework/Versions/A/Heimdal
0x0000000009bfe000 	/System/Library/Frameworks/OpenDirectory.framework/Versions/A/OpenDirectory
0x0000000009bfe000 	/System/Library/PrivateFrameworks/CommonAuth.framework/Versions/A/CommonAuth
0x0000000009bfe000 	/System/Library/Frameworks/CoreVideo.framework/Versions/A/CoreVideo
0x0000000009bfe000 	/System/Library/Frameworks/QuartzCore.framework/Versions/A/Frameworks/CoreImage.framework/Versions/A/CoreImage
0x0000000009bfe000 	/System/Library/Frameworks/QuartzCore.framework/Versions/A/Frameworks/ScalableUserInterface.framework/Versions/A/ScalableUserInterface
0x0000000009bfe000 	/System/Library/Frameworks/OpenGL.framework/Versions/A/Libraries/libGLU.dylib
0x0000000009bfe000 	/System/Library/Frameworks/OpenGL.framework/Versions/A/Libraries/libGFXShared.dylib
0x0000000009bfe000 	/System/Library/Frameworks/OpenGL.framework/Versions/A/Libraries/libGL.dylib
0x0000000009bfe000 	/System/Library/Frameworks/OpenGL.framework/Versions/A/Libraries/libGLImage.dylib
0x0000000009bfe000 	/System/Library/Frameworks/OpenGL.framework/Versions/A/Libraries/libCVMSPluginSupport.dylib
0x0000000009bfe000 	/System/Library/Frameworks/OpenGL.framework/Versions/A/Libraries/libCoreVMClient.dylib
0x0000000009bfe000 	/System/Library/Frameworks/OpenCL.framework/Versions/A/OpenCL
0x0000000009bfe000 	/System/Library/PrivateFrameworks/FaceCoreLight.framework/Versions/A/FaceCoreLight
0x0000000009bfe000 	/System/Library/Frameworks/vecLib.framework/Versions/A/vecLib
0x0000000009bfe000 	/System/Library/Frameworks/SecurityFoundation.framework/Versions/A/SecurityFoundation
0x0000000009bfe000 	/System/Library/PrivateFrameworks/CommerceKit.framework/Versions/A/Frameworks/CommerceCore.framework/Versions/A/CommerceCore
0x0000000009bfe000 	/System/Library/PrivateFrameworks/CoreSymbolication.framework/Versions/A/CoreSymbolication
0x0000000009bfe000 	/System/Library/PrivateFrameworks/Symbolication.framework/Versions/A/Symbolication
0x0000000009bfe000 	/System/Library/PrivateFrameworks/DebugSymbols.framework/Versions/A/DebugSymbols
0x0000000104183000 	/Library/Java/JavaVirtualMachines/jdk1.7.0_17.jdk/Contents/Home/jre/lib/server/libjvm.dylib
0x0000000103f88000 	/Library/Java/JavaVirtualMachines/jdk1.7.0_17.jdk/Contents/Home/jre/lib/libverify.dylib
0x0000000103f95000 	/Library/Java/JavaVirtualMachines/jdk1.7.0_17.jdk/Contents/Home/jre/lib/libjava.dylib
0x0000000103fcf000 	/Library/Java/JavaVirtualMachines/jdk1.7.0_17.jdk/Contents/Home/jre/lib/libzip.dylib
0x000000010d665000 	/System/Library/Frameworks/JavaVM.framework/Frameworks/JavaRuntimeSupport.framework/JavaRuntimeSupport
0x000000010d67d000 	/System/Library/Frameworks/JavaVM.framework/Versions/A/Frameworks/JavaNativeFoundation.framework/Versions/A/JavaNativeFoundation
0x000000010d692000 	/System/Library/Frameworks/JavaVM.framework/Versions/A/JavaVM
0x0000000009bfe000 	/System/Library/Frameworks/Carbon.framework/Versions/A/Carbon
0x000000010d69f000 	/System/Library/PrivateFrameworks/JavaLaunching.framework/Versions/A/JavaLaunching
0x0000000009bfe000 	/System/Library/Frameworks/Carbon.framework/Versions/A/Frameworks/CommonPanels.framework/Versions/A/CommonPanels
0x0000000009bfe000 	/System/Library/Frameworks/Carbon.framework/Versions/A/Frameworks/Help.framework/Versions/A/Help
0x0000000009bfe000 	/System/Library/Frameworks/Carbon.framework/Versions/A/Frameworks/ImageCapture.framework/Versions/A/ImageCapture
0x0000000009bfe000 	/System/Library/Frameworks/Carbon.framework/Versions/A/Frameworks/OpenScripting.framework/Versions/A/OpenScripting
0x0000000009bfe000 	/System/Library/Frameworks/Carbon.framework/Versions/A/Frameworks/Print.framework/Versions/A/Print
0x0000000009bfe000 	/System/Library/Frameworks/Carbon.framework/Versions/A/Frameworks/SecurityHI.framework/Versions/A/SecurityHI
0x000000010df0f000 	/Library/Java/JavaVirtualMachines/jdk1.7.0_17.jdk/Contents/Home/jre/lib/libnio.dylib
0x000000010df1e000 	/Library/Java/JavaVirtualMachines/jdk1.7.0_17.jdk/Contents/Home/jre/lib/./libnet.dylib

VM Arguments:
jvm_args: -Xmx1024m -Xms512m -Dclassworlds.conf=/opt/maven/bin/m2.conf -Dmaven.home=/opt/maven 
java_command: org.codehaus.classworlds.Launcher "clean" "install" "-Dmaven.test.skip=true"
Launcher Type: SUN_STANDARD

Environment Variables:
JAVA_HOME=/Library/Java/JavaVirtualMachines/jdk1.7.0_17.jdk/Contents/Home
PATH=/Users/lise/bin:/usr/local/bin:/opt/maven/bin:/Library/Frameworks/Python.framework/Versions/Current/bin:/opt/bin:/opt/local/bin/:/usr/bin:/bin:/usr/sbin:/sbin:/usr/local/bin:/usr/X11/bin
SHELL=/bin/bash
DISPLAY=/tmp/launch-UVjiKF/org.x:0

Signal Handlers:
SIGSEGV: [libjvm.dylib+0x4a361d], sa_mask[0]=0xfffefeff, sa_flags=0x00000042
SIGBUS: [libjvm.dylib+0x4a361d], sa_mask[0]=0xfffefeff, sa_flags=0x00000042
SIGFPE: [libjvm.dylib+0x3b302d], sa_mask[0]=0xfffefeff, sa_flags=0x00000042
SIGPIPE: [libjvm.dylib+0x3b302d], sa_mask[0]=0xfffefeff, sa_flags=0x00000042
SIGXFSZ: [libjvm.dylib+0x3b302d], sa_mask[0]=0xfffefeff, sa_flags=0x00000042
SIGILL: [libjvm.dylib+0x3b302d], sa_mask[0]=0xfffefeff, sa_flags=0x00000042
SIGUSR1: SIG_DFL, sa_mask[0]=0x63807efb, sa_flags=0x00000000
SIGUSR2: [libjvm.dylib+0x3b2bc6], sa_mask[0]=0x00000000, sa_flags=0x00000042
SIGHUP: [libjvm.dylib+0x3b0e27], sa_mask[0]=0xfffefeff, sa_flags=0x00000042
SIGINT: [libjvm.dylib+0x3b0e27], sa_mask[0]=0xfffefeff, sa_flags=0x00000042
SIGTERM: [libjvm.dylib+0x3b0e27], sa_mask[0]=0xfffefeff, sa_flags=0x00000042
SIGQUIT: [libjvm.dylib+0x3b0e27], sa_mask[0]=0xfffefeff, sa_flags=0x00000042


---------------  S Y S T E M  ---------------

OS:Bsduname:Darwin 11.4.2 Darwin Kernel Version 11.4.2: Thu Aug 23 16:25:48 PDT 2012; root:xnu-1699.32.7~1/RELEASE_X86_64 x86_64
rlimit: STACK 8192k, CORE 0k, NPROC 709, NOFILE 10240, AS infinity
load average:1,70 1,63 1,54

CPU:total 8 (4 cores per cpu, 2 threads per core) family 6 model 42 stepping 7, cmov, cx8, fxsr, mmx, sse, sse2, sse3, ssse3, sse4.1, sse4.2, popcnt, avx, ht, tsc, tscinvbit

Memory: 4k page, physical 4290944k(1072736k free)

/proc/meminfo:


vm_info: Java HotSpot(TM) 64-Bit Server VM (23.7-b01) for bsd-amd64 JRE (1.7.0_17-b02), built on Mar  1 2013 06:41:23 by "java_re" with gcc 4.2.1 (Based on Apple Inc. build 5658) (LLVM build 2336.11.00)

time: Wed Oct 16 17:28:54 2013
elapsed time: 105 seconds

